Using reporter config:[
  "spec",
  [
    null,
    {
      "saveAllVideos": true,
      "videoSlowdownMultiplier": 3,
      "outputDir": "./logs/videos"
    }
  ],
  [
    "allure",
    {
      "outputDir": "./reports/allure/allure-results",
      "disableWebdriverStepsReporting": true,
      "disableWebdriverScreenshotsReporting": true
    }
  ]
]

Using config:{
  "debugMode": false,
  "logLevel": "info",
  "videoRenderTimeout": 5,
  "outputDir": "logs\\videos",
  "allureOutputDir": "C:\\Users\\lakshmi.valasapalli\\OneDrive\\Desktop\\apfm\\reports\\allure\\allure-results",
  "rawPath": "rawSeleniumVideoGrabs",
  "usingAllure": true,
  "saveAllVideos": true,
  "videoSlowdownMultiplier": 3,
  "excludedActions": [],
  "jsonWireActions": [
    "url",
    "forward",
    "back",
    "refresh",
    "execute",
    "size",
    "position",
    "maximize",
    "click",
    "submit",
    "value",
    "keys",
    "clear",
    "selected",
    "enabled",
    "displayed",
    "orientation",
    "alert_text",
    "accept_alert",
    "dismiss_alert",
    "moveto",
    "buttondown",
    "buttonup",
    "doubleclick",
    "down",
    "up",
    "move",
    "scroll",
    "doubleclick",
    "longclick",
    "flick",
    "location"
  ]
}


videoRenderTimeout triggered before ffmpeg had a chance to wrap up
Generated:[
  "C:\\Users\\lakshmi.valasapalli\\OneDrive\\Desktop\\apfm\\logs\\videos\\communityapgetests--communitypage-assertions--CHROME--03-25-2020--11-32-04-804.mp4",
  "C:\\Users\\lakshmi.valasapalli\\OneDrive\\Desktop\\apfm\\logs\\videos\\communityapgetests--validating-the-existance-for-phonenumber-and-review-wrapper-in-detail-screen--CHROME--03-25-2020--11-32-05-163.mp4",
  "C:\\Users\\lakshmi.valasapalli\\OneDrive\\Desktop\\apfm\\logs\\videos\\communityapgetests--validating-the-existance-for-Pricing-module---CHROME--03-25-2020--11-32-06-071.mp4",
  "C:\\Users\\lakshmi.valasapalli\\OneDrive\\Desktop\\apfm\\logs\\videos\\communityapgetests--validating-the-existance-for--care-provided-in-the-community--CHROME--03-25-2020--11-32-06-658.mp4",
  "C:\\Users\\lakshmi.valasapalli\\OneDrive\\Desktop\\apfm\\logs\\videos\\communityapgetests--validating-the-existance-for-community-review-card---CHROME--03-25-2020--11-32-07-261.mp4"
]



Video reporter Done!
