Using reporter config:[
  "spec",
  [
    null,
    {
      "saveAllVideos": true,
      "videoSlowdownMultiplier": 3,
      "outputDir": "./logs/videos"
    }
  ],
  [
    "allure",
    {
      "outputDir": "./reports/allure/allure-results",
      "disableWebdriverStepsReporting": true,
      "disableWebdriverScreenshotsReporting": true
    }
  ]
]

Using config:{
  "debugMode": false,
  "logLevel": "info",
  "videoRenderTimeout": 5,
  "outputDir": "logs\\videos",
  "allureOutputDir": "C:\\Users\\lakshmi.valasapalli\\OneDrive\\Desktop\\apfm\\reports\\allure\\allure-results",
  "rawPath": "rawSeleniumVideoGrabs",
  "usingAllure": true,
  "saveAllVideos": true,
  "videoSlowdownMultiplier": 3,
  "excludedActions": [],
  "jsonWireActions": [
    "url",
    "forward",
    "back",
    "refresh",
    "execute",
    "size",
    "position",
    "maximize",
    "click",
    "submit",
    "value",
    "keys",
    "clear",
    "selected",
    "enabled",
    "displayed",
    "orientation",
    "alert_text",
    "accept_alert",
    "dismiss_alert",
    "moveto",
    "buttondown",
    "buttonup",
    "doubleclick",
    "down",
    "up",
    "move",
    "scroll",
    "doubleclick",
    "longclick",
    "flick",
    "location"
  ]
}



Generated:[
  "C:\\Users\\lakshmi.valasapalli\\OneDrive\\Desktop\\apfm\\logs\\videos\\Destination-Page-leads--getpricing-lead---CHROME--03-25-2020--11-32-03-941.mp4"
]



Video reporter Done!
