2020-03-25T18:31:50.253Z INFO @wdio/local-runner: Run worker command: run
2020-03-25T18:31:50.988Z INFO webdriverio: Initiate new session using the webdriver protocol
2020-03-25T18:31:50.990Z INFO webdriver: [POST] http://127.0.0.1:4444/wd/hub/session
2020-03-25T18:31:50.990Z INFO webdriver: DATA {
  capabilities: { alwaysMatch: { browserName: 'chrome' }, firstMatch: [ {} ] },
  desiredCapabilities: { browserName: 'chrome' }
}
2020-03-25T18:32:04.620Z INFO webdriver: COMMAND navigateTo("https://www.aplaceformom.com/")
2020-03-25T18:32:04.621Z INFO webdriver: [POST] http://127.0.0.1:4444/wd/hub/session/a0e29042928af812f76497f8a036d782/url
2020-03-25T18:32:04.621Z INFO webdriver: DATA { url: 'https://www.aplaceformom.com/' }
2020-03-25T18:32:13.741Z INFO webdriver: COMMAND takeScreenshot()
2020-03-25T18:32:13.742Z INFO webdriver: [GET] http://127.0.0.1:4444/wd/hub/session/a0e29042928af812f76497f8a036d782/screenshot
2020-03-25T18:32:13.743Z INFO webdriver: COMMAND getTitle()
2020-03-25T18:32:13.743Z INFO webdriver: [GET] http://127.0.0.1:4444/wd/hub/session/a0e29042928af812f76497f8a036d782/title
2020-03-25T18:32:14.511Z INFO webdriver: RESULT Senior Assisted Living Guides: Find Senior Care A Place for Mom
2020-03-25T18:32:14.542Z INFO webdriver: COMMAND takeScreenshot()
2020-03-25T18:32:14.542Z INFO webdriver: [GET] http://127.0.0.1:4444/wd/hub/session/a0e29042928af812f76497f8a036d782/screenshot
2020-03-25T18:32:14.551Z INFO webdriver: RESULT iVBORw0KGgoAAAANSUhEUgAAA6EAAAPwCAYAAADAiXh4AAAAAXNSR0IArs4c6...
2020-03-25T18:32:14.566Z INFO webdriver: COMMAND findElement("css selector", "#cta-search-field")
2020-03-25T18:32:14.566Z INFO webdriver: [POST] http://127.0.0.1:4444/wd/hub/session/a0e29042928af812f76497f8a036d782/element
2020-03-25T18:32:14.566Z INFO webdriver: DATA { using: 'css selector', value: '#cta-search-field' }
2020-03-25T18:32:15.293Z INFO webdriver: RESULT { ELEMENT: '0.45826334028862115-1' }
2020-03-25T18:32:15.314Z INFO webdriver: COMMAND elementSendKeys("0.45826334028862115-1", <object>)
2020-03-25T18:32:15.315Z INFO webdriver: [POST] http://127.0.0.1:4444/wd/hub/session/a0e29042928af812f76497f8a036d782/element/0.45826334028862115-1/value
2020-03-25T18:32:15.315Z INFO webdriver: DATA { value: [ '9', '8', '0', '0', '2' ] }
2020-03-25T18:32:15.325Z INFO webdriver: RESULT iVBORw0KGgoAAAANSUhEUgAAA6EAAAPwCAYAAADAiXh4AAAAAXNSR0IArs4c6...
2020-03-25T18:32:15.561Z INFO webdriver: COMMAND takeScreenshot()
2020-03-25T18:32:15.562Z INFO webdriver: [GET] http://127.0.0.1:4444/wd/hub/session/a0e29042928af812f76497f8a036d782/screenshot
2020-03-25T18:32:15.563Z INFO webdriver: COMMAND takeScreenshot()
2020-03-25T18:32:15.564Z INFO webdriver: [GET] http://127.0.0.1:4444/wd/hub/session/a0e29042928af812f76497f8a036d782/screenshot
2020-03-25T18:32:16.892Z INFO webdriver: RESULT iVBORw0KGgoAAAANSUhEUgAAA6EAAAPwCAYAAADAiXh4AAAAAXNSR0IArs4c6...
2020-03-25T18:32:17.714Z INFO webdriver: RESULT iVBORw0KGgoAAAANSUhEUgAAA6EAAAPwCAYAAADAiXh4AAAAAXNSR0IArs4c6...
2020-03-25T18:32:17.723Z INFO webdriver: COMMAND findElement("xpath", ".//span[normalize-space() = "Start Your Search"]")
2020-03-25T18:32:17.724Z INFO webdriver: [POST] http://127.0.0.1:4444/wd/hub/session/a0e29042928af812f76497f8a036d782/element
2020-03-25T18:32:17.724Z INFO webdriver: DATA {
  using: 'xpath',
  value: './/span[normalize-space() = "Start Your Search"]'
}
2020-03-25T18:32:17.759Z INFO webdriver: RESULT { ELEMENT: '0.45826334028862115-2' }
2020-03-25T18:32:17.765Z INFO webdriver: COMMAND elementClick("0.45826334028862115-2")
2020-03-25T18:32:17.765Z INFO webdriver: [POST] http://127.0.0.1:4444/wd/hub/session/a0e29042928af812f76497f8a036d782/element/0.45826334028862115-2/click
2020-03-25T18:32:17.845Z DEBUG webdriver: request failed due to status 13
2020-03-25T18:32:17.845Z WARN webdriver: Request failed due to unknown error: Element <span>...</span> is not clickable at point (227, 588). Other element would receive the click: <div class="pac-container pac-logo" style="width: 294px; position: absolute; left: 78px; top: 548px;">...</div>
  (Session info: chrome=79.0.3945.130)
  (Driver info: chromedriver=2.43.600210 (68dcf5eebde37173d4027fa8635e332711d2874a),platform=Windows NT 10.0.18363 x86_64)
2020-03-25T18:32:17.845Z INFO webdriver: Retrying 1/1
2020-03-25T18:32:17.845Z INFO webdriver: [POST] http://127.0.0.1:4444/wd/hub/session/a0e29042928af812f76497f8a036d782/element/0.45826334028862115-2/click
2020-03-25T18:32:17.907Z DEBUG webdriver: request failed due to status 13
2020-03-25T18:32:17.907Z ERROR webdriver: Request failed due to Error: unknown error: Element <span>...</span> is not clickable at point (227, 588). Other element would receive the click: <div class="pac-container pac-logo" style="width: 294px; position: absolute; left: 78px; top: 548px;">...</div>
  (Session info: chrome=79.0.3945.130)
  (Driver info: chromedriver=2.43.600210 (68dcf5eebde37173d4027fa8635e332711d2874a),platform=Windows NT 10.0.18363 x86_64)
    at getErrorFromResponseBody (C:\Users\lakshmi.valasapalli\OneDrive\Desktop\apfm\node_modules\webdriver\build\utils.js:124:10)
    at Request._callback (C:\Users\lakshmi.valasapalli\OneDrive\Desktop\apfm\node_modules\webdriver\build\request.js:121:64)
    at Request.self.callback (C:\Users\lakshmi.valasapalli\OneDrive\Desktop\apfm\node_modules\request\request.js:185:22)
    at Request.emit (events.js:223:5)
    at Request.EventEmitter.emit (domain.js:475:20)
    at Request.<anonymous> (C:\Users\lakshmi.valasapalli\OneDrive\Desktop\apfm\node_modules\request\request.js:1154:10)
    at Request.emit (events.js:223:5)
    at Request.EventEmitter.emit (domain.js:475:20)
    at IncomingMessage.<anonymous> (C:\Users\lakshmi.valasapalli\OneDrive\Desktop\apfm\node_modules\request\request.js:1076:12)
    at Object.onceWrapper (events.js:312:28)
2020-03-25T18:32:17.926Z INFO webdriver: COMMAND takeScreenshot()
2020-03-25T18:32:17.927Z INFO webdriver: [GET] http://127.0.0.1:4444/wd/hub/session/a0e29042928af812f76497f8a036d782/screenshot
2020-03-25T18:32:18.753Z INFO webdriver: RESULT iVBORw0KGgoAAAANSUhEUgAAA6EAAAPwCAYAAADAiXh4AAAAAXNSR0IArs4c6...
2020-03-25T18:32:18.776Z INFO webdriver: COMMAND takeScreenshot()
2020-03-25T18:32:18.777Z INFO webdriver: [GET] http://127.0.0.1:4444/wd/hub/session/a0e29042928af812f76497f8a036d782/screenshot
2020-03-25T18:32:18.782Z INFO webdriver: COMMAND findElement("css selector", "#leadFormFullname")
2020-03-25T18:32:18.783Z INFO webdriver: [POST] http://127.0.0.1:4444/wd/hub/session/a0e29042928af812f76497f8a036d782/element
2020-03-25T18:32:18.783Z INFO webdriver: DATA { using: 'css selector', value: '#leadFormFullname' }
2020-03-25T18:32:19.607Z INFO webdriver: RESULT iVBORw0KGgoAAAANSUhEUgAAA6EAAAPwCAYAAADAiXh4AAAAAXNSR0IArs4c6...
2020-03-25T18:32:19.616Z INFO webdriver: RESULT {
  message: 'no such element: Unable to locate element: {"method":"css selector","selector":"#leadFormFullname"}\n' +
    '  (Session info: chrome=79.0.3945.130)\n' +
    '  (Driver info: chromedriver=2.43.600210 (68dcf5eebde37173d4027fa8635e332711d2874a),platform=Windows NT 10.0.18363 x86_64)'
}
2020-03-25T18:32:19.633Z INFO webdriver: COMMAND findElement("css selector", "#leadFormFullname")
2020-03-25T18:32:19.633Z INFO webdriver: [POST] http://127.0.0.1:4444/wd/hub/session/a0e29042928af812f76497f8a036d782/element
2020-03-25T18:32:19.634Z INFO webdriver: DATA { using: 'css selector', value: '#leadFormFullname' }
2020-03-25T18:32:19.662Z INFO webdriver: RESULT {
  message: 'no such element: Unable to locate element: {"method":"css selector","selector":"#leadFormFullname"}\n' +
    '  (Session info: chrome=79.0.3945.130)\n' +
    '  (Driver info: chromedriver=2.43.600210 (68dcf5eebde37173d4027fa8635e332711d2874a),platform=Windows NT 10.0.18363 x86_64)'
}
2020-03-25T18:32:20.131Z INFO webdriver: COMMAND findElement("css selector", "#leadFormFullname")
2020-03-25T18:32:20.132Z INFO webdriver: [POST] http://127.0.0.1:4444/wd/hub/session/a0e29042928af812f76497f8a036d782/element
2020-03-25T18:32:20.132Z INFO webdriver: DATA { using: 'css selector', value: '#leadFormFullname' }
2020-03-25T18:32:20.160Z INFO webdriver: RESULT {
  message: 'no such element: Unable to locate element: {"method":"css selector","selector":"#leadFormFullname"}\n' +
    '  (Session info: chrome=79.0.3945.130)\n' +
    '  (Driver info: chromedriver=2.43.600210 (68dcf5eebde37173d4027fa8635e332711d2874a),platform=Windows NT 10.0.18363 x86_64)'
}
2020-03-25T18:32:20.632Z INFO webdriver: COMMAND findElement("css selector", "#leadFormFullname")
2020-03-25T18:32:20.633Z INFO webdriver: [POST] http://127.0.0.1:4444/wd/hub/session/a0e29042928af812f76497f8a036d782/element
2020-03-25T18:32:20.633Z INFO webdriver: DATA { using: 'css selector', value: '#leadFormFullname' }
2020-03-25T18:32:20.678Z INFO webdriver: RESULT {
  message: 'no such element: Unable to locate element: {"method":"css selector","selector":"#leadFormFullname"}\n' +
    '  (Session info: chrome=79.0.3945.130)\n' +
    '  (Driver info: chromedriver=2.43.600210 (68dcf5eebde37173d4027fa8635e332711d2874a),platform=Windows NT 10.0.18363 x86_64)'
}
2020-03-25T18:32:21.130Z INFO webdriver: COMMAND findElement("css selector", "#leadFormFullname")
2020-03-25T18:32:21.131Z INFO webdriver: [POST] http://127.0.0.1:4444/wd/hub/session/a0e29042928af812f76497f8a036d782/element
2020-03-25T18:32:21.131Z INFO webdriver: DATA { using: 'css selector', value: '#leadFormFullname' }
2020-03-25T18:32:21.144Z INFO webdriver: RESULT {
  message: 'no such element: Unable to locate element: {"method":"css selector","selector":"#leadFormFullname"}\n' +
    '  (Session info: chrome=79.0.3945.130)\n' +
    '  (Driver info: chromedriver=2.43.600210 (68dcf5eebde37173d4027fa8635e332711d2874a),platform=Windows NT 10.0.18363 x86_64)'
}
2020-03-25T18:32:21.630Z INFO webdriver: COMMAND findElement("css selector", "#leadFormFullname")
2020-03-25T18:32:21.630Z INFO webdriver: [POST] http://127.0.0.1:4444/wd/hub/session/a0e29042928af812f76497f8a036d782/element
2020-03-25T18:32:21.630Z INFO webdriver: DATA { using: 'css selector', value: '#leadFormFullname' }
2020-03-25T18:32:21.645Z INFO webdriver: RESULT {
  message: 'no such element: Unable to locate element: {"method":"css selector","selector":"#leadFormFullname"}\n' +
    '  (Session info: chrome=79.0.3945.130)\n' +
    '  (Driver info: chromedriver=2.43.600210 (68dcf5eebde37173d4027fa8635e332711d2874a),platform=Windows NT 10.0.18363 x86_64)'
}
2020-03-25T18:32:22.130Z INFO webdriver: COMMAND findElement("css selector", "#leadFormFullname")
2020-03-25T18:32:22.131Z INFO webdriver: [POST] http://127.0.0.1:4444/wd/hub/session/a0e29042928af812f76497f8a036d782/element
2020-03-25T18:32:22.131Z INFO webdriver: DATA { using: 'css selector', value: '#leadFormFullname' }
2020-03-25T18:32:22.147Z INFO webdriver: RESULT {
  message: 'no such element: Unable to locate element: {"method":"css selector","selector":"#leadFormFullname"}\n' +
    '  (Session info: chrome=79.0.3945.130)\n' +
    '  (Driver info: chromedriver=2.43.600210 (68dcf5eebde37173d4027fa8635e332711d2874a),platform=Windows NT 10.0.18363 x86_64)'
}
2020-03-25T18:32:22.630Z INFO webdriver: COMMAND findElement("css selector", "#leadFormFullname")
2020-03-25T18:32:22.630Z INFO webdriver: [POST] http://127.0.0.1:4444/wd/hub/session/a0e29042928af812f76497f8a036d782/element
2020-03-25T18:32:22.630Z INFO webdriver: DATA { using: 'css selector', value: '#leadFormFullname' }
2020-03-25T18:32:22.640Z INFO webdriver: RESULT {
  message: 'no such element: Unable to locate element: {"method":"css selector","selector":"#leadFormFullname"}\n' +
    '  (Session info: chrome=79.0.3945.130)\n' +
    '  (Driver info: chromedriver=2.43.600210 (68dcf5eebde37173d4027fa8635e332711d2874a),platform=Windows NT 10.0.18363 x86_64)'
}
2020-03-25T18:32:23.140Z INFO webdriver: COMMAND findElement("css selector", "#leadFormFullname")
2020-03-25T18:32:23.141Z INFO webdriver: [POST] http://127.0.0.1:4444/wd/hub/session/a0e29042928af812f76497f8a036d782/element
2020-03-25T18:32:23.141Z INFO webdriver: DATA { using: 'css selector', value: '#leadFormFullname' }
2020-03-25T18:32:23.164Z INFO webdriver: RESULT {
  message: 'no such element: Unable to locate element: {"method":"css selector","selector":"#leadFormFullname"}\n' +
    '  (Session info: chrome=79.0.3945.130)\n' +
    '  (Driver info: chromedriver=2.43.600210 (68dcf5eebde37173d4027fa8635e332711d2874a),platform=Windows NT 10.0.18363 x86_64)'
}
2020-03-25T18:32:23.630Z INFO webdriver: COMMAND findElement("css selector", "#leadFormFullname")
2020-03-25T18:32:23.630Z INFO webdriver: [POST] http://127.0.0.1:4444/wd/hub/session/a0e29042928af812f76497f8a036d782/element
2020-03-25T18:32:23.630Z INFO webdriver: DATA { using: 'css selector', value: '#leadFormFullname' }
2020-03-25T18:32:23.647Z INFO webdriver: RESULT {
  message: 'no such element: Unable to locate element: {"method":"css selector","selector":"#leadFormFullname"}\n' +
    '  (Session info: chrome=79.0.3945.130)\n' +
    '  (Driver info: chromedriver=2.43.600210 (68dcf5eebde37173d4027fa8635e332711d2874a),platform=Windows NT 10.0.18363 x86_64)'
}
2020-03-25T18:32:24.130Z INFO webdriver: COMMAND findElement("css selector", "#leadFormFullname")
2020-03-25T18:32:24.130Z INFO webdriver: [POST] http://127.0.0.1:4444/wd/hub/session/a0e29042928af812f76497f8a036d782/element
2020-03-25T18:32:24.130Z INFO webdriver: DATA { using: 'css selector', value: '#leadFormFullname' }
2020-03-25T18:32:24.140Z INFO webdriver: RESULT {
  message: 'no such element: Unable to locate element: {"method":"css selector","selector":"#leadFormFullname"}\n' +
    '  (Session info: chrome=79.0.3945.130)\n' +
    '  (Driver info: chromedriver=2.43.600210 (68dcf5eebde37173d4027fa8635e332711d2874a),platform=Windows NT 10.0.18363 x86_64)'
}
2020-03-25T18:32:24.629Z INFO webdriver: COMMAND findElement("css selector", "#leadFormFullname")
2020-03-25T18:32:24.630Z INFO webdriver: [POST] http://127.0.0.1:4444/wd/hub/session/a0e29042928af812f76497f8a036d782/element
2020-03-25T18:32:24.630Z INFO webdriver: DATA { using: 'css selector', value: '#leadFormFullname' }
2020-03-25T18:32:24.639Z INFO webdriver: RESULT {
  message: 'no such element: Unable to locate element: {"method":"css selector","selector":"#leadFormFullname"}\n' +
    '  (Session info: chrome=79.0.3945.130)\n' +
    '  (Driver info: chromedriver=2.43.600210 (68dcf5eebde37173d4027fa8635e332711d2874a),platform=Windows NT 10.0.18363 x86_64)'
}
2020-03-25T18:32:25.130Z INFO webdriver: COMMAND findElement("css selector", "#leadFormFullname")
2020-03-25T18:32:25.130Z INFO webdriver: [POST] http://127.0.0.1:4444/wd/hub/session/a0e29042928af812f76497f8a036d782/element
2020-03-25T18:32:25.130Z INFO webdriver: DATA { using: 'css selector', value: '#leadFormFullname' }
2020-03-25T18:32:25.140Z INFO webdriver: RESULT {
  message: 'no such element: Unable to locate element: {"method":"css selector","selector":"#leadFormFullname"}\n' +
    '  (Session info: chrome=79.0.3945.130)\n' +
    '  (Driver info: chromedriver=2.43.600210 (68dcf5eebde37173d4027fa8635e332711d2874a),platform=Windows NT 10.0.18363 x86_64)'
}
2020-03-25T18:32:25.630Z INFO webdriver: COMMAND findElement("css selector", "#leadFormFullname")
2020-03-25T18:32:25.630Z INFO webdriver: [POST] http://127.0.0.1:4444/wd/hub/session/a0e29042928af812f76497f8a036d782/element
2020-03-25T18:32:25.631Z INFO webdriver: DATA { using: 'css selector', value: '#leadFormFullname' }
2020-03-25T18:32:25.641Z INFO webdriver: RESULT {
  message: 'no such element: Unable to locate element: {"method":"css selector","selector":"#leadFormFullname"}\n' +
    '  (Session info: chrome=79.0.3945.130)\n' +
    '  (Driver info: chromedriver=2.43.600210 (68dcf5eebde37173d4027fa8635e332711d2874a),platform=Windows NT 10.0.18363 x86_64)'
}
2020-03-25T18:32:26.129Z INFO webdriver: COMMAND findElement("css selector", "#leadFormFullname")
2020-03-25T18:32:26.129Z INFO webdriver: [POST] http://127.0.0.1:4444/wd/hub/session/a0e29042928af812f76497f8a036d782/element
2020-03-25T18:32:26.130Z INFO webdriver: DATA { using: 'css selector', value: '#leadFormFullname' }
2020-03-25T18:32:26.141Z INFO webdriver: RESULT {
  message: 'no such element: Unable to locate element: {"method":"css selector","selector":"#leadFormFullname"}\n' +
    '  (Session info: chrome=79.0.3945.130)\n' +
    '  (Driver info: chromedriver=2.43.600210 (68dcf5eebde37173d4027fa8635e332711d2874a),platform=Windows NT 10.0.18363 x86_64)'
}
2020-03-25T18:32:26.628Z INFO webdriver: COMMAND findElement("css selector", "#leadFormFullname")
2020-03-25T18:32:26.629Z INFO webdriver: [POST] http://127.0.0.1:4444/wd/hub/session/a0e29042928af812f76497f8a036d782/element
2020-03-25T18:32:26.629Z INFO webdriver: DATA { using: 'css selector', value: '#leadFormFullname' }
2020-03-25T18:32:26.638Z INFO webdriver: RESULT {
  message: 'no such element: Unable to locate element: {"method":"css selector","selector":"#leadFormFullname"}\n' +
    '  (Session info: chrome=79.0.3945.130)\n' +
    '  (Driver info: chromedriver=2.43.600210 (68dcf5eebde37173d4027fa8635e332711d2874a),platform=Windows NT 10.0.18363 x86_64)'
}
2020-03-25T18:32:27.129Z INFO webdriver: COMMAND findElement("css selector", "#leadFormFullname")
2020-03-25T18:32:27.129Z INFO webdriver: [POST] http://127.0.0.1:4444/wd/hub/session/a0e29042928af812f76497f8a036d782/element
2020-03-25T18:32:27.129Z INFO webdriver: DATA { using: 'css selector', value: '#leadFormFullname' }
2020-03-25T18:32:27.139Z INFO webdriver: RESULT {
  message: 'no such element: Unable to locate element: {"method":"css selector","selector":"#leadFormFullname"}\n' +
    '  (Session info: chrome=79.0.3945.130)\n' +
    '  (Driver info: chromedriver=2.43.600210 (68dcf5eebde37173d4027fa8635e332711d2874a),platform=Windows NT 10.0.18363 x86_64)'
}
2020-03-25T18:32:27.630Z INFO webdriver: COMMAND findElement("css selector", "#leadFormFullname")
2020-03-25T18:32:27.631Z INFO webdriver: [POST] http://127.0.0.1:4444/wd/hub/session/a0e29042928af812f76497f8a036d782/element
2020-03-25T18:32:27.631Z INFO webdriver: DATA { using: 'css selector', value: '#leadFormFullname' }
2020-03-25T18:32:27.655Z INFO webdriver: RESULT {
  message: 'no such element: Unable to locate element: {"method":"css selector","selector":"#leadFormFullname"}\n' +
    '  (Session info: chrome=79.0.3945.130)\n' +
    '  (Driver info: chromedriver=2.43.600210 (68dcf5eebde37173d4027fa8635e332711d2874a),platform=Windows NT 10.0.18363 x86_64)'
}
2020-03-25T18:32:28.130Z INFO webdriver: COMMAND findElement("css selector", "#leadFormFullname")
2020-03-25T18:32:28.133Z INFO webdriver: [POST] http://127.0.0.1:4444/wd/hub/session/a0e29042928af812f76497f8a036d782/element
2020-03-25T18:32:28.133Z INFO webdriver: DATA { using: 'css selector', value: '#leadFormFullname' }
2020-03-25T18:32:28.144Z INFO webdriver: RESULT {
  message: 'no such element: Unable to locate element: {"method":"css selector","selector":"#leadFormFullname"}\n' +
    '  (Session info: chrome=79.0.3945.130)\n' +
    '  (Driver info: chromedriver=2.43.600210 (68dcf5eebde37173d4027fa8635e332711d2874a),platform=Windows NT 10.0.18363 x86_64)'
}
2020-03-25T18:32:28.630Z INFO webdriver: COMMAND findElement("css selector", "#leadFormFullname")
2020-03-25T18:32:28.630Z INFO webdriver: [POST] http://127.0.0.1:4444/wd/hub/session/a0e29042928af812f76497f8a036d782/element
2020-03-25T18:32:28.630Z INFO webdriver: DATA { using: 'css selector', value: '#leadFormFullname' }
2020-03-25T18:32:28.641Z INFO webdriver: RESULT {
  message: 'no such element: Unable to locate element: {"method":"css selector","selector":"#leadFormFullname"}\n' +
    '  (Session info: chrome=79.0.3945.130)\n' +
    '  (Driver info: chromedriver=2.43.600210 (68dcf5eebde37173d4027fa8635e332711d2874a),platform=Windows NT 10.0.18363 x86_64)'
}
2020-03-25T18:32:29.129Z INFO webdriver: COMMAND findElement("css selector", "#leadFormFullname")
2020-03-25T18:32:29.130Z INFO webdriver: [POST] http://127.0.0.1:4444/wd/hub/session/a0e29042928af812f76497f8a036d782/element
2020-03-25T18:32:29.130Z INFO webdriver: DATA { using: 'css selector', value: '#leadFormFullname' }
2020-03-25T18:32:29.139Z INFO webdriver: RESULT {
  message: 'no such element: Unable to locate element: {"method":"css selector","selector":"#leadFormFullname"}\n' +
    '  (Session info: chrome=79.0.3945.130)\n' +
    '  (Driver info: chromedriver=2.43.600210 (68dcf5eebde37173d4027fa8635e332711d2874a),platform=Windows NT 10.0.18363 x86_64)'
}
2020-03-25T18:32:29.630Z INFO webdriver: COMMAND findElement("css selector", "#leadFormFullname")
2020-03-25T18:32:29.630Z INFO webdriver: [POST] http://127.0.0.1:4444/wd/hub/session/a0e29042928af812f76497f8a036d782/element
2020-03-25T18:32:29.630Z INFO webdriver: DATA { using: 'css selector', value: '#leadFormFullname' }
2020-03-25T18:32:29.638Z INFO webdriver: COMMAND takeScreenshot()
2020-03-25T18:32:29.638Z INFO webdriver: [GET] http://127.0.0.1:4444/wd/hub/session/a0e29042928af812f76497f8a036d782/screenshot
2020-03-25T18:32:29.640Z INFO webdriver: RESULT {
  message: 'no such element: Unable to locate element: {"method":"css selector","selector":"#leadFormFullname"}\n' +
    '  (Session info: chrome=79.0.3945.130)\n' +
    '  (Driver info: chromedriver=2.43.600210 (68dcf5eebde37173d4027fa8635e332711d2874a),platform=Windows NT 10.0.18363 x86_64)'
}
2020-03-25T18:32:30.100Z INFO webdriver: RESULT iVBORw0KGgoAAAANSUhEUgAAA6EAAAPwCAYAAADAiXh4AAAAAXNSR0IArs4c6...
2020-03-25T18:32:30.111Z INFO webdriver: COMMAND takeScreenshot()
2020-03-25T18:32:30.111Z INFO webdriver: [GET] http://127.0.0.1:4444/wd/hub/session/a0e29042928af812f76497f8a036d782/screenshot
2020-03-25T18:32:30.354Z INFO webdriver: COMMAND getLogTypes()
2020-03-25T18:32:30.354Z INFO webdriver: [GET] http://127.0.0.1:4444/wd/hub/session/a0e29042928af812f76497f8a036d782/se/log/types
2020-03-25T18:32:30.358Z DEBUG webdriver: request failed due to missing body
2020-03-25T18:32:30.358Z WARN webdriver: Request failed due to unknown command: session/a0e29042928af812f76497f8a036d782/se/log/types
2020-03-25T18:32:30.358Z INFO webdriver: Retrying 1/1
2020-03-25T18:32:30.358Z INFO webdriver: [GET] http://127.0.0.1:4444/wd/hub/session/a0e29042928af812f76497f8a036d782/se/log/types
2020-03-25T18:32:30.361Z DEBUG webdriver: request failed due to missing body
2020-03-25T18:32:30.361Z ERROR webdriver: Request failed due to Error: unknown command: session/a0e29042928af812f76497f8a036d782/se/log/types
    at getErrorFromResponseBody (C:\Users\lakshmi.valasapalli\OneDrive\Desktop\apfm\node_modules\webdriver\build\utils.js:117:12)
    at Request._callback (C:\Users\lakshmi.valasapalli\OneDrive\Desktop\apfm\node_modules\webdriver\build\request.js:121:64)
    at Request.self.callback (C:\Users\lakshmi.valasapalli\OneDrive\Desktop\apfm\node_modules\request\request.js:185:22)
    at Request.emit (events.js:223:5)
    at Request.EventEmitter.emit (domain.js:475:20)
    at Request.<anonymous> (C:\Users\lakshmi.valasapalli\OneDrive\Desktop\apfm\node_modules\request\request.js:1154:10)
    at Request.emit (events.js:223:5)
    at Request.EventEmitter.emit (domain.js:475:20)
    at IncomingMessage.<anonymous> (C:\Users\lakshmi.valasapalli\OneDrive\Desktop\apfm\node_modules\request\request.js:1076:12)
    at Object.onceWrapper (events.js:312:28)
2020-03-25T18:32:30.364Z INFO webdriver: COMMAND deleteSession()
2020-03-25T18:32:30.364Z INFO webdriver: [DELETE] http://127.0.0.1:4444/wd/hub/session/a0e29042928af812f76497f8a036d782
2020-03-25T18:32:30.666Z INFO webdriver: RESULT iVBORw0KGgoAAAANSUhEUgAAA6EAAAPwCAYAAADAiXh4AAAAAXNSR0IArs4c6...
2020-03-25T18:32:30.947Z INFO @wdio/runner: Wait for 1 reporter to synchronise
2020-03-25T18:32:31.048Z INFO @wdio/runner: Wait for 1 reporter to synchronise
2020-03-25T18:32:31.148Z INFO @wdio/runner: Wait for 1 reporter to synchronise
2020-03-25T18:32:31.248Z INFO @wdio/runner: Wait for 1 reporter to synchronise
2020-03-25T18:32:31.349Z INFO @wdio/runner: Wait for 1 reporter to synchronise
2020-03-25T18:32:31.449Z INFO @wdio/runner: Wait for 1 reporter to synchronise
2020-03-25T18:32:31.550Z INFO @wdio/runner: Wait for 1 reporter to synchronise
2020-03-25T18:32:31.651Z INFO @wdio/runner: Wait for 1 reporter to synchronise
2020-03-25T18:32:31.751Z INFO @wdio/runner: Wait for 1 reporter to synchronise
2020-03-25T18:32:31.850Z INFO @wdio/runner: Wait for 1 reporter to synchronise
2020-03-25T18:32:31.950Z INFO @wdio/runner: Wait for 1 reporter to synchronise
2020-03-25T18:32:32.050Z INFO @wdio/runner: Wait for 1 reporter to synchronise
2020-03-25T18:32:32.150Z INFO @wdio/runner: Wait for 1 reporter to synchronise
2020-03-25T18:32:32.251Z INFO @wdio/runner: Wait for 1 reporter to synchronise
2020-03-25T18:32:32.351Z INFO @wdio/runner: Wait for 1 reporter to synchronise
2020-03-25T18:32:32.452Z INFO @wdio/runner: Wait for 1 reporter to synchronise
2020-03-25T18:32:32.553Z INFO @wdio/runner: Wait for 1 reporter to synchronise
2020-03-25T18:32:32.652Z INFO @wdio/runner: Wait for 1 reporter to synchronise
2020-03-25T18:32:32.752Z INFO @wdio/runner: Wait for 1 reporter to synchronise
2020-03-25T18:32:32.853Z INFO @wdio/runner: Wait for 1 reporter to synchronise
2020-03-25T18:32:32.953Z INFO @wdio/runner: Wait for 1 reporter to synchronise
2020-03-25T18:32:33.052Z INFO @wdio/runner: Wait for 1 reporter to synchronise
2020-03-25T18:32:33.153Z INFO @wdio/runner: Wait for 1 reporter to synchronise
2020-03-25T18:32:33.254Z INFO @wdio/runner: Wait for 1 reporter to synchronise
2020-03-25T18:32:33.355Z INFO @wdio/runner: Wait for 1 reporter to synchronise
2020-03-25T18:32:33.455Z INFO @wdio/runner: Wait for 1 reporter to synchronise
2020-03-25T18:32:33.557Z INFO @wdio/runner: Wait for 1 reporter to synchronise
2020-03-25T18:32:33.657Z INFO @wdio/runner: Wait for 1 reporter to synchronise
2020-03-25T18:32:33.757Z INFO @wdio/runner: Wait for 1 reporter to synchronise
2020-03-25T18:32:33.856Z INFO @wdio/runner: Wait for 1 reporter to synchronise
2020-03-25T18:32:33.957Z INFO @wdio/runner: Wait for 1 reporter to synchronise
2020-03-25T18:32:34.058Z INFO @wdio/runner: Wait for 1 reporter to synchronise
2020-03-25T18:32:34.159Z INFO @wdio/runner: Wait for 1 reporter to synchronise
2020-03-25T18:32:34.259Z INFO @wdio/runner: Wait for 1 reporter to synchronise
2020-03-25T18:32:34.360Z INFO @wdio/runner: Wait for 1 reporter to synchronise
2020-03-25T18:32:34.460Z INFO @wdio/runner: Wait for 1 reporter to synchronise
2020-03-25T18:32:34.560Z INFO @wdio/runner: Wait for 1 reporter to synchronise
2020-03-25T18:32:34.661Z INFO @wdio/runner: Wait for 1 reporter to synchronise
2020-03-25T18:32:34.762Z INFO @wdio/runner: Wait for 1 reporter to synchronise
2020-03-25T18:32:34.863Z INFO @wdio/runner: Wait for 1 reporter to synchronise
2020-03-25T18:32:34.963Z INFO @wdio/runner: Wait for 1 reporter to synchronise
2020-03-25T18:32:35.065Z INFO @wdio/runner: Wait for 1 reporter to synchronise
2020-03-25T18:32:35.165Z INFO @wdio/runner: Wait for 1 reporter to synchronise
2020-03-25T18:32:35.265Z INFO @wdio/runner: Wait for 1 reporter to synchronise
2020-03-25T18:32:35.364Z INFO @wdio/runner: Wait for 1 reporter to synchronise
2020-03-25T18:32:35.465Z INFO @wdio/runner: Wait for 1 reporter to synchronise
2020-03-25T18:32:35.566Z INFO @wdio/runner: Wait for 1 reporter to synchronise
